cl : command line warning D9002: ignoring unknown option '-ggdb'
cl : command line warning D9002: ignoring unknown option '-std=c++17'
  general.cpp
C:\Users\tjwal\projects\vertex_stream\ugli\include\split_triangle.h(30,37): warning C4305: 'initializing': truncation from 'double' to 'float'
C:\Users\tjwal\projects\vertex_stream\ugli\include\split_triangle.h(124,49): warning C4244: 'argument': conversion from 'double' to 'T', possible loss of data
          with
          [
              T=float
          ]
C:\Users\tjwal\projects\vertex_stream\ugli\.\include\triangle_octree.h(21,37): warning C4305: 'initializing': truncation from 'double' to 'float'
C:\Users\tjwal\projects\vertex_stream\ugli\.\include\triangle_octree.h(39,12): warning C4244: '=': conversion from 'double' to 'float', possible loss of data
C:\Users\tjwal\projects\vertex_stream\ugli\.\include\triangle_octree.h(42,24): warning C4305: 'initializing': truncation from 'double' to 'float'
C:\Users\tjwal\projects\vertex_stream\ugli\.\include\triangle_octree.h(190,28): warning C4477: 'printf' : format string '%d' requires an argument of type 'int', but variadic argument 1 has type 'size_t'
C:\Users\tjwal\projects\vertex_stream\ugli\.\include\triangle_octree.h(190,28): message : consider using '%zd' in the format string
C:\Users\tjwal\projects\vertex_stream\ugli\.\include\triangle_octree.h(192,1): warning C4305: 'initializing': truncation from 'double' to 'float'
C:\Users\tjwal\projects\vertex_stream\ugli\.\include\triangle_octree.h(204,45): warning C4244: '=': conversion from 'double' to 'T', possible loss of data
          with
          [
              T=float
          ]
C:\Users\tjwal\projects\vertex_stream\ugli\.\include\triangle_octree.h(205,45): warning C4244: '=': conversion from 'double' to 'T', possible loss of data
          with
          [
              T=float
          ]
C:\Users\tjwal\projects\vertex_stream\ugli\.\include\triangle_octree.h(206,45): warning C4244: '=': conversion from 'double' to 'T', possible loss of data
          with
          [
              T=float
          ]
C:\Users\tjwal\projects\vertex_stream\ugli\.\include\triangle_octree.h(214,46): warning C4834: discarding return value of function with 'nodiscard' attribute
C:\Users\tjwal\projects\vertex_stream\ugli\.\include\triangle_octree.h(262,58): warning C4244: 'argument': conversion from 'double' to 'T', possible loss of data
          with
          [
              T=float
          ]
C:\Users\tjwal\projects\vertex_stream\ugli\.\include\triangle_octree.h(290,58): warning C4244: 'argument': conversion from 'double' to 'T', possible loss of data
          with
          [
              T=float
          ]
C:\Users\tjwal\projects\vertex_stream\ugli\.\include\triangle_octree.h(386,72): warning C4244: 'argument': conversion from 'double' to 'float', possible loss of data
C:\Users\tjwal\projects\vertex_stream\ugli\.\include\triangle_octree.h(400,23): warning C4101: 'new_loc': unreferenced local variable
C:\Users\tjwal\projects\vertex_stream\ugli\.\include\triangle_octree.h(401,19): warning C4101: 'new_size': unreferenced local variable
C:\Users\tjwal\projects\vertex_stream\ugli\.\include\triangle_octree.h(515,42): warning C4244: '=': conversion from 'double' to 'float', possible loss of data
C:\Users\tjwal\projects\vertex_stream\ugli\.\include\triangle_octree.h(541,80): warning C4244: 'argument': conversion from 'double' to 'T', possible loss of data
          with
          [
              T=float
          ]
C:\Users\tjwal\projects\vertex_stream\ugli\.\include\triangle_octree.h(530,19): warning C4101: 'child_pos': unreferenced local variable
C:\Users\tjwal\projects\vertex_stream\ugli\include\buffer.h(35,1): warning C4267: '=': conversion from 'size_t' to 'int', possible loss of data
C:\Users\tjwal\projects\vertex_stream\ugli\include\buffer.h(28): message : while compiling class template member function 'void graphics::Buffer<glm::vec2>::load_data(std::vector<glm::vec2,std::allocator<glm::vec2>> &,int,GLenum)'
C:\Users\tjwal\projects\vertex_stream\ugli\.\include\object.h(57): message : see reference to function template instantiation 'void graphics::Buffer<glm::vec2>::load_data(std::vector<glm::vec2,std::allocator<glm::vec2>> &,int,GLenum)' being compiled
C:\Users\tjwal\projects\vertex_stream\ugli\.\include\object.h(57): message : see reference to class template instantiation 'graphics::Buffer<glm::vec2>' being compiled
C:\Users\tjwal\projects\vertex_stream\ugli\include\buffer.h(88,1): warning C4267: '=': conversion from 'size_t' to 'int', possible loss of data
C:\Users\tjwal\projects\vertex_stream\ugli\include\buffer.h(84): message : while compiling class template member function 'void graphics::Buffer<glm::vec2>::set_data(int,std::vector<glm::vec2,std::allocator<glm::vec2>> &,int)'
C:\Users\tjwal\projects\vertex_stream\ugli\include\buffer.h(34): message : see reference to function template instantiation 'void graphics::Buffer<glm::vec2>::set_data(int,std::vector<glm::vec2,std::allocator<glm::vec2>> &,int)' being compiled
  ugli.vcxproj -> C:\Users\tjwal\projects\vertex_stream\ugli\vs_build\Release\ugli.lib
